<?xml version="1.0" encoding="UTF-8"?>
<robot generator="Robot 7.0 (Python 3.12.3 on win32)" generated="2024-04-20T15:44:18.488719" rpa="false" schemaversion="5">
<suite id="s1" name="Auth" source="D:\QaCoders\techlead\Parte-2\auth.robot">
<test id="s1-t1" name="Login senha invalida" line="25">
<kw name="Create Dictionary" owner="BuiltIn">
<msg time="2024-04-20T15:44:18.805115" level="INFO">${headers} = {'Content-Type': 'application/json'}</msg>
<var>${headers}</var>
<arg>Content-Type=application/json</arg>
<doc>Creates and returns a dictionary based on the given ``items``.</doc>
<status status="PASS" start="2024-04-20T15:44:18.805115" elapsed="0.000000"/>
</kw>
<kw name="Create Dictionary" owner="BuiltIn">
<msg time="2024-04-20T15:44:18.806585" level="INFO">${body} = {'mail': 'sysadmin@qacoders.com', 'password': '1234@Tead'}</msg>
<var>${body}</var>
<arg>mail=${MAIL_SYSADMIN}</arg>
<arg>password=${PASSWORD_INVALID}</arg>
<doc>Creates and returns a dictionary based on the given ``items``.</doc>
<status status="PASS" start="2024-04-20T15:44:18.806155" elapsed="0.000430"/>
</kw>
<kw name="Create Session" owner="RequestsLibrary">
<msg time="2024-04-20T15:44:18.807345" level="INFO">Creating Session using : alias=auth_session, url=https://chips.qacoders-academy.com.br/api/login/, headers={},                     cookies={}, auth=None, timeout=None, proxies=None, verify=False,                     debug=0 </msg>
<arg>auth_session</arg>
<arg>${URL}${ENDPOINT_LOGIN}</arg>
<doc>Create Session: create a HTTP session to a server</doc>
<status status="PASS" start="2024-04-20T15:44:18.807124" elapsed="0.000590"/>
</kw>
<kw name="POST On Session" owner="RequestsLibrary">
<msg time="2024-04-20T15:44:20.673783" level="INFO">POST Request : url=https://chips.qacoders-academy.com.br/api/login/ 
 path_url=/api/login/ 
 headers={'User-Agent': 'python-requests/2.31.0', 'Accept-Encoding': 'gzip, deflate', 'Accept': '*/*', 'Connection': 'keep-alive', 'Content-Type': 'application/json', 'Content-Length': '58'} 
 body=b'{"mail": "sysadmin@qacoders.com", "password": "1234@Tead"}' 
 </msg>
<msg time="2024-04-20T15:44:20.673783" level="INFO">POST Response : url=https://chips.qacoders-academy.com.br/api/login/ 
 status=400, reason=Bad Request 
 headers={'Server': 'nginx/1.18.0 (Ubuntu)', 'Date': 'Sat, 20 Apr 2024 18:44:33 GMT', 'Content-Type': 'application/json; charset=utf-8', 'Content-Length': '55', 'Connection': 'keep-alive', 'X-Powered-By': 'Express', 'Access-Control-Allow-Origin': '*', 'Access-Control-Allow-Methods': 'GET, POST, OPTIONS, PUT, PATCH, DELETE', 'Access-Control-Allow-Headers': 'Origin, X-Requested-With, Content-Type, Accept, Authorization', 'ETag': 'W/"37-9q6p8iabt/LayQQx7+su7bYXDck"'} 
 body={"alert":"E-mail ou senha informados são inválidos."} 
 </msg>
<msg time="2024-04-20T15:44:20.673783" level="INFO">${response} = &lt;Response [400]&gt;</msg>
<var>${response}</var>
<arg>auth_session</arg>
<arg>/</arg>
<arg>json=${body}</arg>
<arg>headers=${headers}</arg>
<arg>verify=${True}</arg>
<arg>expected_status=400</arg>
<doc>Sends a POST request on a previously created HTTP Session.</doc>
<status status="PASS" start="2024-04-20T15:44:18.808117" elapsed="1.866672"/>
</kw>
<kw name="Should Be Equal As Integers" owner="BuiltIn">
<msg time="2024-04-20T15:44:20.675786" level="INFO">Argument types are:
&lt;class 'int'&gt;
&lt;class 'str'&gt;</msg>
<arg>${response.status_code}</arg>
<arg>400</arg>
<doc>Fails if objects are unequal after converting them to integers.</doc>
<status status="PASS" start="2024-04-20T15:44:20.674789" elapsed="0.000997"/>
</kw>
<kw name="Should Be Equal As Strings" owner="BuiltIn">
<arg>${response.json()}[alert]</arg>
<arg>E-mail ou senha informados são inválidos.</arg>
<doc>Fails if objects are unequal after converting them to strings.</doc>
<status status="PASS" start="2024-04-20T15:44:20.676785" elapsed="0.001001"/>
</kw>
<doc>Validar mensagem de erro quando senha é inválida.</doc>
<tag>excecao</tag>
<status status="PASS" start="2024-04-20T15:44:18.803509" elapsed="1.874722"/>
</test>
<status status="PASS" start="2024-04-20T15:44:18.490722" elapsed="2.190069"/>
</suite>
<statistics>
<total>
<stat pass="1" fail="0" skip="0">All Tests</stat>
</total>
<tag>
<stat pass="1" fail="0" skip="0">excecao</stat>
</tag>
<suite>
<stat pass="1" fail="0" skip="0" id="s1" name="Auth">Auth</stat>
</suite>
</statistics>
<errors>
</errors>
</robot>
